#
# There is insufficient memory for the Java Runtime Environment to continue.
# Native memory allocation (malloc) failed to allocate 32744 bytes for Chunk::new
# Possible reasons:
#   The system is out of physical RAM or swap space
#   The process is running with CompressedOops enabled, and the Java Heap may be blocking the growth of the native heap
# Possible solutions:
#   Reduce memory load on the system
#   Increase physical memory or swap space
#   Check if swap backing store is full
#   Decrease Java heap size (-Xmx/-Xms)
#   Decrease number of Java threads
#   Decrease Java thread stack sizes (-Xss)
#   Set larger code cache with -XX:ReservedCodeCacheSize=
#   JVM is running with Zero Based Compressed Oops mode in which the Java heap is
#     placed in the first 32GB address space. The Java Heap base address is the
#     maximum limit for the native heap growth. Please use -XX:HeapBaseMinAddress
#     to set the Java Heap base and to place the Java Heap above 32GB virtual address.
# This output file may be truncated or incomplete.
#
#  Out of Memory Error (arena.cpp:184), pid=23832, tid=37288
#
# JRE version: OpenJDK Runtime Environment Temurin-19.0.2+7 (19.0.2+7) (build 19.0.2+7)
# Java VM: OpenJDK 64-Bit Server VM Temurin-19.0.2+7 (19.0.2+7, mixed mode, tiered, compressed oops, compressed class ptrs, g1 gc, windows-amd64)
# No core dump will be written. Minidumps are not enabled by default on client versions of Windows
#

---------------  S U M M A R Y ------------

Command Line: -Dfile.encoding=UTF-8 -XX:+ShowCodeDetailsInExceptionMessages Bank_Management_System.Withdrawal

Host: 11th Gen Intel(R) Core(TM) i5-1135G7 @ 2.40GHz, 8 cores, 15G,  Windows 11 , 64 bit Build 22621 (10.0.22621.2215)
Time: Fri Oct 13 21:21:17 2023 India Standard Time elapsed time: 0.338338 seconds (0d 0h 0m 0s)

---------------  T H R E A D  ---------------

Current thread (0x00000152abc7de30):  JavaThread "C1 CompilerThread0" daemon [_thread_in_native, id=37288, stack(0x0000001444300000,0x0000001444400000)]


Current CompileTask:
C1:    338  679 % !   3       sun.awt.image.PNGImageDecoder::produceImage @ 960 (1917 bytes)

Stack: [0x0000001444300000,0x0000001444400000]
Native frames: (J=compiled Java code, j=interpreted, Vv=VM code, C=native code)
V  [jvm.dll+0x6e9e1a]
V  [jvm.dll+0x8a36c0]
V  [jvm.dll+0x8a50ae]
V  [jvm.dll+0x8a5763]
V  [jvm.dll+0x27bcdf]
V  [jvm.dll+0xc221f]
V  [jvm.dll+0xc2595]
V  [jvm.dll+0x1a171e]
V  [jvm.dll+0x1a39d1]
V  [jvm.dll+0x1a15c5]
V  [jvm.dll+0x19bd43]
V  [jvm.dll+0x1a547b]
V  [jvm.dll+0x19ce48]
V  [jvm.dll+0x1a058f]
V  [jvm.dll+0x159683]
V  [jvm.dll+0x158f62]
V  [jvm.dll+0x1591b6]
V  [jvm.dll+0x15861f]
V  [jvm.dll+0x15a311]
V  [jvm.dll+0x254229]
V  [jvm.dll+0x252418]
V  [jvm.dll+0x85403d]
V  [jvm.dll+0x84de3a]
V  [jvm.dll+0x6e8abb]
C  [ucrtbase.dll+0x29363]
C  [KERNEL32.DLL+0x1257d]
C  [ntdll.dll+0x5aa68]


---------------  P R O C E S S  ---------------

Threads class SMR info:
_java_thread_list=0x00000152ac19b390, length=16, elements={
0x0000015288d16d80, 0x00000152abc74430, 0x00000152abc75120, 0x00000152abc80490,
0x00000152abc5a5c0, 0x00000152abc5b690, 0x00000152abc5eb90, 0x00000152abc7c910,
0x00000152abc7de30, 0x00000152abc7e7a0, 0x00000152abe047a0, 0x00000152abe1b840,
0x00000152abf8e2c0, 0x00000152abf8e800, 0x00000152abf90160, 0x00000152ac19b4c0
}

Java Threads: ( => current thread )
  0x0000015288d16d80 JavaThread "main" [_thread_blocked, id=3052, stack(0x0000001443500000,0x0000001443600000)]
  0x00000152abc74430 JavaThread "Reference Handler" daemon [_thread_blocked, id=38172, stack(0x0000001443c00000,0x0000001443d00000)]
  0x00000152abc75120 JavaThread "Finalizer" daemon [_thread_blocked, id=36964, stack(0x0000001443d00000,0x0000001443e00000)]
  0x00000152abc80490 JavaThread "Signal Dispatcher" daemon [_thread_blocked, id=38796, stack(0x0000001443e00000,0x0000001443f00000)]
  0x00000152abc5a5c0 JavaThread "Attach Listener" daemon [_thread_blocked, id=720, stack(0x0000001443f00000,0x0000001444000000)]
  0x00000152abc5b690 JavaThread "Service Thread" daemon [_thread_blocked, id=32440, stack(0x0000001444000000,0x0000001444100000)]
  0x00000152abc5eb90 JavaThread "Monitor Deflation Thread" daemon [_thread_blocked, id=37192, stack(0x0000001444100000,0x0000001444200000)]
  0x00000152abc7c910 JavaThread "C2 CompilerThread0" daemon [_thread_in_native, id=26756, stack(0x0000001444200000,0x0000001444300000)]
=>0x00000152abc7de30 JavaThread "C1 CompilerThread0" daemon [_thread_in_native, id=37288, stack(0x0000001444300000,0x0000001444400000)]
  0x00000152abc7e7a0 JavaThread "Sweeper thread" daemon [_thread_blocked, id=35732, stack(0x0000001444400000,0x0000001444500000)]
  0x00000152abe047a0 JavaThread "Notification Thread" daemon [_thread_blocked, id=37092, stack(0x0000001444500000,0x0000001444600000)]
  0x00000152abe1b840 JavaThread "Common-Cleaner" daemon [_thread_blocked, id=39164, stack(0x0000001444700000,0x0000001444800000)]
  0x00000152abf8e2c0 JavaThread "Java2D Disposer" daemon [_thread_blocked, id=38224, stack(0x0000001444800000,0x0000001444900000)]
  0x00000152abf8e800 JavaThread "AWT-Shutdown" [_thread_blocked, id=32876, stack(0x0000001444900000,0x0000001444a00000)]
  0x00000152abf90160 JavaThread "AWT-Windows" daemon [_thread_in_native, id=23860, stack(0x0000001444a00000,0x0000001444b00000)]
  0x00000152ac19b4c0 JavaThread "Image Fetcher 0" daemon [_thread_in_Java, id=38088, stack(0x0000001444b00000,0x0000001444c00000)]

Other Threads:
  0x00000152a7a18c40 VMThread "VM Thread" [stack: 0x0000001443b00000,0x0000001443c00000] [id=36956]
  0x00000152abe07d00 WatcherThread "VM Periodic Task Thread" [stack: 0x0000001444600000,0x0000001444700000] [id=35424]
  0x0000015288d8a8b0 WorkerThread "GC Thread#0" [stack: 0x0000001443600000,0x0000001443700000] [id=39536]
  0x0000015288d9b4a0 ConcurrentGCThread "G1 Main Marker" [stack: 0x0000001443700000,0x0000001443800000] [id=4776]
  0x0000015288d9c070 WorkerThread "G1 Conc#0" [stack: 0x0000001443800000,0x0000001443900000] [id=38128]
  0x00000152a7870150 ConcurrentGCThread "G1 Refine#0" [stack: 0x0000001443900000,0x0000001443a00000] [id=36896]
  0x00000152a7871bb0 ConcurrentGCThread "G1 Service" [stack: 0x0000001443a00000,0x0000001443b00000] [id=22740]

Threads with active compile tasks:
C2 CompilerThread0      349  677 %     4       sun.awt.image.PNGImageDecoder::filterRow @ 79 (460 bytes)
C1 CompilerThread0      349  679 % !   3       sun.awt.image.PNGImageDecoder::produceImage @ 960 (1917 bytes)

VM state: not at safepoint (normal execution)

VM Mutex/Monitor currently owned by a thread: None

Heap address: 0x0000000703600000, size: 4042 MB, Compressed Oops mode: Zero based, Oop shift amount: 3

CDS archive(s) not mapped
Compressed class space mapped at: 0x0000000800000000-0x0000000840000000, reserved size: 1073741824
Narrow klass base: 0x0000000800000000, Narrow klass shift: 0, Narrow klass range: 0x40000000

GC Precious Log:
 CardTable entry size: 512
 Card Set container configuration: InlinePtr #cards 4 size 8 Array Of Cards #cards 16 size 48 Howl #buckets 8 coarsen threshold 3686 Howl Bitmap #cards 512 size 80 coarsen threshold 460 Card regions per heap region 1 cards per card region 4096
 CPUs: 8 total, 8 available
 Memory: 16167M
 Large Page Support: Disabled
 NUMA Support: Disabled
 Compressed Oops: Enabled (Zero based)
 Heap Region Size: 2M
 Heap Min Capacity: 8M
 Heap Initial Capacity: 254M
 Heap Max Capacity: 4042M
 Pre-touch: Disabled
 Parallel Workers: 8
 Concurrent Workers: 2
 Concurrent Refinement Workers: 8
 Periodic GC: Disabled

Heap:
 garbage-first heap   total 260096K, used 10240K [0x0000000703600000, 0x0000000800000000)
  region size 2048K, 5 young (10240K), 0 survivors (0K)
 Metaspace       used 12908K, committed 13120K, reserved 1114112K
  class space    used 1165K, committed 1280K, reserved 1048576K

Heap Regions: E=young(eden), S=young(survivor), O=old, HS=humongous(starts), HC=humongous(continues), CS=collection set, F=free, OA=open archive, CA=closed archive, TAMS=top-at-mark-start (previous, next)
|   0|0x0000000703600000, 0x0000000703800000, 0x0000000703800000|100%|HS|  |TAMS 0x0000000703600000, 0x0000000703600000| Complete 
|   1|0x0000000703800000, 0x0000000703800000, 0x0000000703a00000|  0%| F|  |TAMS 0x0000000703800000, 0x0000000703800000| Untracked 
|   2|0x0000000703a00000, 0x0000000703a00000, 0x0000000703c00000|  0%| F|  |TAMS 0x0000000703a00000, 0x0000000703a00000| Untracked 
|   3|0x0000000703c00000, 0x0000000703c00000, 0x0000000703e00000|  0%| F|  |TAMS 0x0000000703c00000, 0x0000000703c00000| Untracked 
|   4|0x0000000703e00000, 0x0000000703e00000, 0x0000000704000000|  0%| F|  |TAMS 0x0000000703e00000, 0x0000000703e00000| Untracked 
|   5|0x0000000704000000, 0x0000000704000000, 0x0000000704200000|  0%| F|  |TAMS 0x0000000704000000, 0x0000000704000000| Untracked 
|   6|0x0000000704200000, 0x0000000704200000, 0x0000000704400000|  0%| F|  |TAMS 0x0000000704200000, 0x0000000704200000| Untracked 
|   7|0x0000000704400000, 0x0000000704400000, 0x0000000704600000|  0%| F|  |TAMS 0x0000000704400000, 0x0000000704400000| Untracked 
|   8|0x0000000704600000, 0x0000000704600000, 0x0000000704800000|  0%| F|  |TAMS 0x0000000704600000, 0x0000000704600000| Untracked 
|   9|0x0000000704800000, 0x0000000704800000, 0x0000000704a00000|  0%| F|  |TAMS 0x0000000704800000, 0x0000000704800000| Untracked 
|  10|0x0000000704a00000, 0x0000000704a00000, 0x0000000704c00000|  0%| F|  |TAMS 0x0000000704a00000, 0x0000000704a00000| Untracked 
|  11|0x0000000704c00000, 0x0000000704c00000, 0x0000000704e00000|  0%| F|  |TAMS 0x0000000704c00000, 0x0000000704c00000| Untracked 
|  12|0x0000000704e00000, 0x0000000704e00000, 0x0000000705000000|  0%| F|  |TAMS 0x0000000704e00000, 0x0000000704e00000| Untracked 
|  13|0x0000000705000000, 0x0000000705000000, 0x0000000705200000|  0%| F|  |TAMS 0x0000000705000000, 0x0000000705000000| Untracked 
|  14|0x0000000705200000, 0x0000000705200000, 0x0000000705400000|  0%| F|  |TAMS 0x0000000705200000, 0x0000000705200000| Untracked 
|  15|0x0000000705400000, 0x0000000705400000, 0x0000000705600000|  0%| F|  |TAMS 0x0000000705400000, 0x0000000705400000| Untracked 
|  16|0x0000000705600000, 0x0000000705600000, 0x0000000705800000|  0%| F|  |TAMS 0x0000000705600000, 0x0000000705600000| Untracked 
|  17|0x0000000705800000, 0x0000000705800000, 0x0000000705a00000|  0%| F|  |TAMS 0x0000000705800000, 0x0000000705800000| Untracked 
|  18|0x0000000705a00000, 0x0000000705a00000, 0x0000000705c00000|  0%| F|  |TAMS 0x0000000705a00000, 0x0000000705a00000| Untracked 
|  19|0x0000000705c00000, 0x0000000705c00000, 0x0000000705e00000|  0%| F|  |TAMS 0x0000000705c00000, 0x0000000705c00000| Untracked 
|  20|0x0000000705e00000, 0x0000000705e00000, 0x0000000706000000|  0%| F|  |TAMS 0x0000000705e00000, 0x0000000705e00000| Untracked 
|  21|0x0000000706000000, 0x0000000706000000, 0x0000000706200000|  0%| F|  |TAMS 0x0000000706000000, 0x0000000706000000| Untracked 
|  22|0x0000000706200000, 0x0000000706200000, 0x0000000706400000|  0%| F|  |TAMS 0x0000000706200000, 0x0000000706200000| Untracked 
|  23|0x0000000706400000, 0x0000000706400000, 0x0000000706600000|  0%| F|  |TAMS 0x0000000706400000, 0x0000000706400000| Untracked 
|  24|0x0000000706600000, 0x0000000706600000, 0x0000000706800000|  0%| F|  |TAMS 0x0000000706600000, 0x0000000706600000| Untracked 
|  25|0x0000000706800000, 0x0000000706800000, 0x0000000706a00000|  0%| F|  |TAMS 0x0000000706800000, 0x0000000706800000| Untracked 
|  26|0x0000000706a00000, 0x0000000706a00000, 0x0000000706c00000|  0%| F|  |TAMS 0x0000000706a00000, 0x0000000706a00000| Untracked 
|  27|0x0000000706c00000, 0x0000000706c00000, 0x0000000706e00000|  0%| F|  |TAMS 0x0000000706c00000, 0x0000000706c00000| Untracked 
|  28|0x0000000706e00000, 0x0000000706e00000, 0x0000000707000000|  0%| F|  |TAMS 0x0000000706e00000, 0x0000000706e00000| Untracked 
|  29|0x0000000707000000, 0x0000000707000000, 0x0000000707200000|  0%| F|  |TAMS 0x0000000707000000, 0x0000000707000000| Untracked 
|  30|0x0000000707200000, 0x0000000707200000, 0x0000000707400000|  0%| F|  |TAMS 0x0000000707200000, 0x0000000707200000| Untracked 
|  31|0x0000000707400000, 0x0000000707400000, 0x0000000707600000|  0%| F|  |TAMS 0x0000000707400000, 0x0000000707400000| Untracked 
|  32|0x0000000707600000, 0x0000000707600000, 0x0000000707800000|  0%| F|  |TAMS 0x0000000707600000, 0x0000000707600000| Untracked 
|  33|0x0000000707800000, 0x0000000707800000, 0x0000000707a00000|  0%| F|  |TAMS 0x0000000707800000, 0x0000000707800000| Untracked 
|  34|0x0000000707a00000, 0x0000000707a00000, 0x0000000707c00000|  0%| F|  |TAMS 0x0000000707a00000, 0x0000000707a00000| Untracked 
|  35|0x0000000707c00000, 0x0000000707c00000, 0x0000000707e00000|  0%| F|  |TAMS 0x0000000707c00000, 0x0000000707c00000| Untracked 
|  36|0x0000000707e00000, 0x0000000707e00000, 0x0000000708000000|  0%| F|  |TAMS 0x0000000707e00000, 0x0000000707e00000| Untracked 
|  37|0x0000000708000000, 0x0000000708000000, 0x0000000708200000|  0%| F|  |TAMS 0x0000000708000000, 0x0000000708000000| Untracked 
|  38|0x0000000708200000, 0x0000000708200000, 0x0000000708400000|  0%| F|  |TAMS 0x0000000708200000, 0x0000000708200000| Untracked 
|  39|0x0000000708400000, 0x0000000708400000, 0x0000000708600000|  0%| F|  |TAMS 0x0000000708400000, 0x0000000708400000| Untracked 
|  40|0x0000000708600000, 0x0000000708600000, 0x0000000708800000|  0%| F|  |TAMS 0x0000000708600000, 0x0000000708600000| Untracked 
|  41|0x0000000708800000, 0x0000000708800000, 0x0000000708a00000|  0%| F|  |TAMS 0x0000000708800000, 0x0000000708800000| Untracked 
|  42|0x0000000708a00000, 0x0000000708a00000, 0x0000000708c00000|  0%| F|  |TAMS 0x0000000708a00000, 0x0000000708a00000| Untracked 
|  43|0x0000000708c00000, 0x0000000708c00000, 0x0000000708e00000|  0%| F|  |TAMS 0x0000000708c00000, 0x0000000708c00000| Untracked 
|  44|0x0000000708e00000, 0x0000000708e00000, 0x0000000709000000|  0%| F|  |TAMS 0x0000000708e00000, 0x0000000708e00000| Untracked 
|  45|0x0000000709000000, 0x0000000709000000, 0x0000000709200000|  0%| F|  |TAMS 0x0000000709000000, 0x0000000709000000| Untracked 
|  46|0x0000000709200000, 0x0000000709200000, 0x0000000709400000|  0%| F|  |TAMS 0x0000000709200000, 0x0000000709200000| Untracked 
|  47|0x0000000709400000, 0x0000000709400000, 0x0000000709600000|  0%| F|  |TAMS 0x0000000709400000, 0x0000000709400000| Untracked 
|  48|0x0000000709600000, 0x0000000709600000, 0x0000000709800000|  0%| F|  |TAMS 0x0000000709600000, 0x0000000709600000| Untracked 
|  49|0x0000000709800000, 0x0000000709800000, 0x0000000709a00000|  0%| F|  |TAMS 0x0000000709800000, 0x0000000709800000| Untracked 
|  50|0x0000000709a00000, 0x0000000709a00000, 0x0000000709c00000|  0%| F|  |TAMS 0x0000000709a00000, 0x0000000709a00000| Untracked 
|  51|0x0000000709c00000, 0x0000000709c00000, 0x0000000709e00000|  0%| F|  |TAMS 0x0000000709c00000, 0x0000000709c00000| Untracked 
|  52|0x0000000709e00000, 0x0000000709e00000, 0x000000070a000000|  0%| F|  |TAMS 0x0000000709e00000, 0x0000000709e00000| Untracked 
|  53|0x000000070a000000, 0x000000070a000000, 0x000000070a200000|  0%| F|  |TAMS 0x000000070a000000, 0x000000070a000000| Untracked 
|  54|0x000000070a200000, 0x000000070a200000, 0x000000070a400000|  0%| F|  |TAMS 0x000000070a200000, 0x000000070a200000| Untracked 
|  55|0x000000070a400000, 0x000000070a400000, 0x000000070a600000|  0%| F|  |TAMS 0x000000070a400000, 0x000000070a400000| Untracked 
|  56|0x000000070a600000, 0x000000070a600000, 0x000000070a800000|  0%| F|  |TAMS 0x000000070a600000, 0x000000070a600000| Untracked 
|  57|0x000000070a800000, 0x000000070a800000, 0x000000070aa00000|  0%| F|  |TAMS 0x000000070a800000, 0x000000070a800000| Untracked 
|  58|0x000000070aa00000, 0x000000070aa00000, 0x000000070ac00000|  0%| F|  |TAMS 0x000000070aa00000, 0x000000070aa00000| Untracked 
|  59|0x000000070ac00000, 0x000000070ac00000, 0x000000070ae00000|  0%| F|  |TAMS 0x000000070ac00000, 0x000000070ac00000| Untracked 
|  60|0x000000070ae00000, 0x000000070ae00000, 0x000000070b000000|  0%| F|  |TAMS 0x000000070ae00000, 0x000000070ae00000| Untracked 
|  61|0x000000070b000000, 0x000000070b000000, 0x000000070b200000|  0%| F|  |TAMS 0x000000070b000000, 0x000000070b000000| Untracked 
|  62|0x000000070b200000, 0x000000070b200000, 0x000000070b400000|  0%| F|  |TAMS 0x000000070b200000, 0x000000070b200000| Untracked 
|  63|0x000000070b400000, 0x000000070b400000, 0x000000070b600000|  0%| F|  |TAMS 0x000000070b400000, 0x000000070b400000| Untracked 
|  64|0x000000070b600000, 0x000000070b600000, 0x000000070b800000|  0%| F|  |TAMS 0x000000070b600000, 0x000000070b600000| Untracked 
|  65|0x000000070b800000, 0x000000070b800000, 0x000000070ba00000|  0%| F|  |TAMS 0x000000070b800000, 0x000000070b800000| Untracked 
|  66|0x000000070ba00000, 0x000000070ba00000, 0x000000070bc00000|  0%| F|  |TAMS 0x000000070ba00000, 0x000000070ba00000| Untracked 
|  67|0x000000070bc00000, 0x000000070bc00000, 0x000000070be00000|  0%| F|  |TAMS 0x000000070bc00000, 0x000000070bc00000| Untracked 
|  68|0x000000070be00000, 0x000000070be00000, 0x000000070c000000|  0%| F|  |TAMS 0x000000070be00000, 0x000000070be00000| Untracked 
|  69|0x000000070c000000, 0x000000070c000000, 0x000000070c200000|  0%| F|  |TAMS 0x000000070c000000, 0x000000070c000000| Untracked 
|  70|0x000000070c200000, 0x000000070c200000, 0x000000070c400000|  0%| F|  |TAMS 0x000000070c200000, 0x000000070c200000| Untracked 
|  71|0x000000070c400000, 0x000000070c400000, 0x000000070c600000|  0%| F|  |TAMS 0x000000070c400000, 0x000000070c400000| Untracked 
|  72|0x000000070c600000, 0x000000070c600000, 0x000000070c800000|  0%| F|  |TAMS 0x000000070c600000, 0x000000070c600000| Untracked 
|  73|0x000000070c800000, 0x000000070c800000, 0x000000070ca00000|  0%| F|  |TAMS 0x000000070c800000, 0x000000070c800000| Untracked 
|  74|0x000000070ca00000, 0x000000070ca00000, 0x000000070cc00000|  0%| F|  |TAMS 0x000000070ca00000, 0x000000070ca00000| Untracked 
|  75|0x000000070cc00000, 0x000000070cc00000, 0x000000070ce00000|  0%| F|  |TAMS 0x000000070cc00000, 0x000000070cc00000| Untracked 
|  76|0x000000070ce00000, 0x000000070ce00000, 0x000000070d000000|  0%| F|  |TAMS 0x000000070ce00000, 0x000000070ce00000| Untracked 
|  77|0x000000070d000000, 0x000000070d000000, 0x000000070d200000|  0%| F|  |TAMS 0x000000070d000000, 0x000000070d000000| Untracked 
|  78|0x000000070d200000, 0x000000070d200000, 0x000000070d400000|  0%| F|  |TAMS 0x000000070d200000, 0x000000070d200000| Untracked 
|  79|0x000000070d400000, 0x000000070d400000, 0x000000070d600000|  0%| F|  |TAMS 0x000000070d400000, 0x000000070d400000| Untracked 
|  80|0x000000070d600000, 0x000000070d600000, 0x000000070d800000|  0%| F|  |TAMS 0x000000070d600000, 0x000000070d600000| Untracked 
|  81|0x000000070d800000, 0x000000070d800000, 0x000000070da00000|  0%| F|  |TAMS 0x000000070d800000, 0x000000070d800000| Untracked 
|  82|0x000000070da00000, 0x000000070da00000, 0x000000070dc00000|  0%| F|  |TAMS 0x000000070da00000, 0x000000070da00000| Untracked 
|  83|0x000000070dc00000, 0x000000070dc00000, 0x000000070de00000|  0%| F|  |TAMS 0x000000070dc00000, 0x000000070dc00000| Untracked 
|  84|0x000000070de00000, 0x000000070de00000, 0x000000070e000000|  0%| F|  |TAMS 0x000000070de00000, 0x000000070de00000| Untracked 
|  85|0x000000070e000000, 0x000000070e000000, 0x000000070e200000|  0%| F|  |TAMS 0x000000070e000000, 0x000000070e000000| Untracked 
|  86|0x000000070e200000, 0x000000070e200000, 0x000000070e400000|  0%| F|  |TAMS 0x000000070e200000, 0x000000070e200000| Untracked 
|  87|0x000000070e400000, 0x000000070e400000, 0x000000070e600000|  0%| F|  |TAMS 0x000000070e400000, 0x000000070e400000| Untracked 
|  88|0x000000070e600000, 0x000000070e600000, 0x000000070e800000|  0%| F|  |TAMS 0x000000070e600000, 0x000000070e600000| Untracked 
|  89|0x000000070e800000, 0x000000070e800000, 0x000000070ea00000|  0%| F|  |TAMS 0x000000070e800000, 0x000000070e800000| Untracked 
|  90|0x000000070ea00000, 0x000000070ea00000, 0x000000070ec00000|  0%| F|  |TAMS 0x000000070ea00000, 0x000000070ea00000| Untracked 
|  91|0x000000070ec00000, 0x000000070ec00000, 0x000000070ee00000|  0%| F|  |TAMS 0x000000070ec00000, 0x000000070ec00000| Untracked 
|  92|0x000000070ee00000, 0x000000070ee00000, 0x000000070f000000|  0%| F|  |TAMS 0x000000070ee00000, 0x000000070ee00000| Untracked 
|  93|0x000000070f000000, 0x000000070f000000, 0x000000070f200000|  0%| F|  |TAMS 0x000000070f000000, 0x000000070f000000| Untracked 
|  94|0x000000070f200000, 0x000000070f200000, 0x000000070f400000|  0%| F|  |TAMS 0x000000070f200000, 0x000000070f200000| Untracked 
|  95|0x000000070f400000, 0x000000070f400000, 0x000000070f600000|  0%| F|  |TAMS 0x000000070f400000, 0x000000070f400000| Untracked 
|  96|0x000000070f600000, 0x000000070f600000, 0x000000070f800000|  0%| F|  |TAMS 0x000000070f600000, 0x000000070f600000| Untracked 
|  97|0x000000070f800000, 0x000000070f800000, 0x000000070fa00000|  0%| F|  |TAMS 0x000000070f800000, 0x000000070f800000| Untracked 
|  98|0x000000070fa00000, 0x000000070fa00000, 0x000000070fc00000|  0%| F|  |TAMS 0x000000070fa00000, 0x000000070fa00000| Untracked 
|  99|0x000000070fc00000, 0x000000070fc00000, 0x000000070fe00000|  0%| F|  |TAMS 0x000000070fc00000, 0x000000070fc00000| Untracked 
| 100|0x000000070fe00000, 0x000000070fe00000, 0x0000000710000000|  0%| F|  |TAMS 0x000000070fe00000, 0x000000070fe00000| Untracked 
| 101|0x0000000710000000, 0x0000000710000000, 0x0000000710200000|  0%| F|  |TAMS 0x0000000710000000, 0x0000000710000000| Untracked 
| 102|0x0000000710200000, 0x0000000710200000, 0x0000000710400000|  0%| F|  |TAMS 0x0000000710200000, 0x0000000710200000| Untracked 
| 103|0x0000000710400000, 0x0000000710400000, 0x0000000710600000|  0%| F|  |TAMS 0x0000000710400000, 0x0000000710400000| Untracked 
| 104|0x0000000710600000, 0x0000000710600000, 0x0000000710800000|  0%| F|  |TAMS 0x0000000710600000, 0x0000000710600000| Untracked 
| 105|0x0000000710800000, 0x0000000710800000, 0x0000000710a00000|  0%| F|  |TAMS 0x0000000710800000, 0x0000000710800000| Untracked 
| 106|0x0000000710a00000, 0x0000000710a00000, 0x0000000710c00000|  0%| F|  |TAMS 0x0000000710a00000, 0x0000000710a00000| Untracked 
| 107|0x0000000710c00000, 0x0000000710c00000, 0x0000000710e00000|  0%| F|  |TAMS 0x0000000710c00000, 0x0000000710c00000| Untracked 
| 108|0x0000000710e00000, 0x0000000710e00000, 0x0000000711000000|  0%| F|  |TAMS 0x0000000710e00000, 0x0000000710e00000| Untracked 
| 109|0x0000000711000000, 0x0000000711000000, 0x0000000711200000|  0%| F|  |TAMS 0x0000000711000000, 0x0000000711000000| Untracked 
| 110|0x0000000711200000, 0x0000000711200000, 0x0000000711400000|  0%| F|  |TAMS 0x0000000711200000, 0x0000000711200000| Untracked 
| 111|0x0000000711400000, 0x0000000711400000, 0x0000000711600000|  0%| F|  |TAMS 0x0000000711400000, 0x0000000711400000| Untracked 
| 112|0x0000000711600000, 0x0000000711600000, 0x0000000711800000|  0%| F|  |TAMS 0x0000000711600000, 0x0000000711600000| Untracked 
| 113|0x0000000711800000, 0x0000000711800000, 0x0000000711a00000|  0%| F|  |TAMS 0x0000000711800000, 0x0000000711800000| Untracked 
| 114|0x0000000711a00000, 0x0000000711a00000, 0x0000000711c00000|  0%| F|  |TAMS 0x0000000711a00000, 0x0000000711a00000| Untracked 
| 115|0x0000000711c00000, 0x0000000711c00000, 0x0000000711e00000|  0%| F|  |TAMS 0x0000000711c00000, 0x0000000711c00000| Untracked 
| 116|0x0000000711e00000, 0x0000000711e00000, 0x0000000712000000|  0%| F|  |TAMS 0x0000000711e00000, 0x0000000711e00000| Untracked 
| 117|0x0000000712000000, 0x0000000712000000, 0x0000000712200000|  0%| F|  |TAMS 0x0000000712000000, 0x0000000712000000| Untracked 
| 118|0x0000000712200000, 0x0000000712200000, 0x0000000712400000|  0%| F|  |TAMS 0x0000000712200000, 0x0000000712200000| Untracked 
| 119|0x0000000712400000, 0x0000000712400000, 0x0000000712600000|  0%| F|  |TAMS 0x0000000712400000, 0x0000000712400000| Untracked 
| 120|0x0000000712600000, 0x0000000712600000, 0x0000000712800000|  0%| F|  |TAMS 0x0000000712600000, 0x0000000712600000| Untracked 
| 121|0x0000000712800000, 0x0000000712800000, 0x0000000712a00000|  0%| F|  |TAMS 0x0000000712800000, 0x0000000712800000| Untracked 
| 122|0x0000000712a00000, 0x0000000712ae2858, 0x0000000712c00000| 44%| E|  |TAMS 0x0000000712a00000, 0x0000000712a00000| Complete 
| 123|0x0000000712c00000, 0x0000000712e00000, 0x0000000712e00000|100%| E|CS|TAMS 0x0000000712c00000, 0x0000000712c00000| Complete 
| 124|0x0000000712e00000, 0x0000000713000000, 0x0000000713000000|100%| E|CS|TAMS 0x0000000712e00000, 0x0000000712e00000| Complete 
| 125|0x0000000713000000, 0x0000000713200000, 0x0000000713200000|100%| E|CS|TAMS 0x0000000713000000, 0x0000000713000000| Complete 
| 126|0x0000000713200000, 0x0000000713400000, 0x0000000713400000|100%| E|CS|TAMS 0x0000000713200000, 0x0000000713200000| Complete 

Card table byte_map: [0x000001529c150000,0x000001529c940000] _byte_map_base: 0x0000015298935000

Marking Bits (Prev, Next): (CMBitMap*) 0x0000015288d8aee0, (CMBitMap*) 0x0000015288d8af20
 Prev Bits: [0x000001529d130000, 0x00000152a1058000)
 Next Bits: [0x00000152a1060000, 0x00000152a4f88000)

Polling page: 0x00000152884e0000

Metaspace:

Usage:
  Non-class:     11.47 MB used.
      Class:      1.14 MB used.
       Both:     12.61 MB used.

Virtual space:
  Non-class space:       64.00 MB reserved,      11.56 MB ( 18%) committed,  1 nodes.
      Class space:        1.00 GB reserved,       1.25 MB ( <1%) committed,  1 nodes.
             Both:        1.06 GB reserved,      12.81 MB (  1%) committed. 

Chunk freelists:
   Non-Class:  498.00 KB
       Class:  2.74 MB
        Both:  3.23 MB

MaxMetaspaceSize: unlimited
CompressedClassSpaceSize: 1.00 GB
Initial GC threshold: 21.00 MB
Current GC threshold: 21.00 MB
CDS: off
MetaspaceReclaimPolicy: balanced
 - commit_granule_bytes: 65536.
 - commit_granule_words: 8192.
 - virtual_space_node_default_size: 8388608.
 - enlarge_chunks_in_place: 1.
 - new_chunks_are_fully_committed: 0.
 - uncommit_free_chunks: 1.
 - use_allocation_guard: 0.


Internal statistics:

num_allocs_failed_limit: 0.
num_arena_births: 128.
num_arena_deaths: 0.
num_vsnodes_births: 2.
num_vsnodes_deaths: 0.
num_space_committed: 205.
num_space_uncommitted: 0.
num_chunks_returned_to_freelist: 0.
num_chunks_taken_from_freelist: 164.
num_chunk_merges: 0.
num_chunk_splits: 99.
num_chunks_enlarged: 62.
num_inconsistent_stats: 0.

CodeHeap 'non-profiled nmethods': size=120000Kb used=191Kb max_used=191Kb free=119808Kb
 bounds [0x0000015294100000, 0x0000015294370000, 0x000001529b630000]
CodeHeap 'profiled nmethods': size=120000Kb used=1104Kb max_used=1104Kb free=118895Kb
 bounds [0x000001528c630000, 0x000001528c8a0000, 0x0000015293b60000]
CodeHeap 'non-nmethods': size=5760Kb used=1321Kb max_used=1335Kb free=4438Kb
 bounds [0x0000015293b60000, 0x0000015293dd0000, 0x0000015294100000]
 total_blobs=1216 nmethods=679 adapters=448
 compilation: enabled
              stopped_count=0, restarted_count=0
 full_count=0

Compilation events (20 events):
Event: 0.324 Thread 0x00000152abc7de30  665       3       jdk.internal.org.objectweb.asm.MethodWriter::hasFrames (13 bytes)
Event: 0.324 Thread 0x00000152abc7de30 nmethod 665 0x000001528c73da90 code [0x000001528c73dc20, 0x000001528c73dd98]
Event: 0.324 Thread 0x00000152abc7de30  661       3       jdk.internal.org.objectweb.asm.MethodWriter::visitFieldInsn (258 bytes)
Event: 0.324 Thread 0x00000152abc7de30 nmethod 661 0x000001528c73de10 code [0x000001528c73e080, 0x000001528c73ec68]
Event: 0.324 Thread 0x00000152abc7de30  669       3       jdk.internal.org.objectweb.asm.MethodWriter::<init> (232 bytes)
Event: 0.324 Thread 0x00000152abc7de30 nmethod 669 0x000001528c73f090 code [0x000001528c73f320, 0x000001528c7400f8]
Event: 0.330 Thread 0x00000152abc7de30  671 %     3       sun.awt.image.PNGImageDecoder::filterRow @ 139 (460 bytes)
Event: 0.330 Thread 0x00000152abc7de30 nmethod 671% 0x000001528c740610 code [0x000001528c7408a0, 0x000001528c741968]
Event: 0.330 Thread 0x00000152abc7de30  672       3       sun.awt.image.PNGImageDecoder::filterRow (460 bytes)
Event: 0.331 Thread 0x00000152abc7de30 nmethod 672 0x000001528c742190 code [0x000001528c742420, 0x000001528c743268]
Event: 0.331 Thread 0x00000152abc7de30  673       3       java.lang.invoke.DirectMethodHandle::allocateInstance (16 bytes)
Event: 0.331 Thread 0x00000152abc7de30 nmethod 673 0x000001528c743a10 code [0x000001528c743bc0, 0x000001528c743de8]
Event: 0.331 Thread 0x00000152abc7de30  675       3       java.lang.invoke.DirectMethodHandle::constructorMethod (10 bytes)
Event: 0.331 Thread 0x00000152abc7de30 nmethod 675 0x000001528c743f10 code [0x000001528c7440c0, 0x000001528c7442b8]
Event: 0.331 Thread 0x00000152abc7de30  676       1       java.util.zip.Inflater$InflaterZStreamRef::address (5 bytes)
Event: 0.331 Thread 0x00000152abc7de30 nmethod 676 0x000001529412ed90 code [0x000001529412ef20, 0x000001529412efd8]
Event: 0.331 Thread 0x00000152abc7c910  677 %     4       sun.awt.image.PNGImageDecoder::filterRow @ 79 (460 bytes)
Event: 0.332 Thread 0x00000152abc7de30  678       1       java.lang.Boolean::booleanValue (5 bytes)
Event: 0.332 Thread 0x00000152abc7de30 nmethod 678 0x000001529412f090 code [0x000001529412f220, 0x000001529412f2f8]
Event: 0.333 Thread 0x00000152abc7de30  679 % !   3       sun.awt.image.PNGImageDecoder::produceImage @ 960 (1917 bytes)

GC Heap History (0 events):
No events

Dll operation events (7 events):
Event: 0.008 Loaded shared library C:\Users\anish\.p2\pool\plugins\org.eclipse.justj.openjdk.hotspot.jre.full.win32.x86_64_19.0.2.v20230129-1123\jre\bin\java.dll
Event: 0.012 Loaded shared library C:\Users\anish\.p2\pool\plugins\org.eclipse.justj.openjdk.hotspot.jre.full.win32.x86_64_19.0.2.v20230129-1123\jre\bin\zip.dll
Event: 0.113 Loaded shared library C:\Users\anish\.p2\pool\plugins\org.eclipse.justj.openjdk.hotspot.jre.full.win32.x86_64_19.0.2.v20230129-1123\jre\bin\jimage.dll
Event: 0.121 Loaded shared library C:\Users\anish\.p2\pool\plugins\org.eclipse.justj.openjdk.hotspot.jre.full.win32.x86_64_19.0.2.v20230129-1123\jre\bin\net.dll
Event: 0.123 Loaded shared library C:\Users\anish\.p2\pool\plugins\org.eclipse.justj.openjdk.hotspot.jre.full.win32.x86_64_19.0.2.v20230129-1123\jre\bin\nio.dll
Event: 0.127 Loaded shared library C:\Users\anish\.p2\pool\plugins\org.eclipse.justj.openjdk.hotspot.jre.full.win32.x86_64_19.0.2.v20230129-1123\jre\bin\zip.dll
Event: 0.143 Loaded shared library C:\Users\anish\.p2\pool\plugins\org.eclipse.justj.openjdk.hotspot.jre.full.win32.x86_64_19.0.2.v20230129-1123\jre\bin\awt.dll

Deoptimization events (0 events):
No events

Classes loaded (20 events):
Event: 0.325 Loading class sun/awt/image/SunWritableRaster
Event: 0.325 Loading class java/awt/image/WritableRaster
Event: 0.325 Loading class java/awt/image/WritableRaster done
Event: 0.325 Loading class sun/awt/image/SunWritableRaster done
Event: 0.325 Loading class java/awt/image/SinglePixelPackedSampleModel
Event: 0.326 Loading class java/awt/image/SampleModel
Event: 0.326 Loading class java/awt/image/SampleModel done
Event: 0.326 Loading class java/awt/image/SinglePixelPackedSampleModel done
Event: 0.326 Loading class sun/awt/image/IntegerInterleavedRaster
Event: 0.326 Loading class sun/awt/image/IntegerComponentRaster
Event: 0.326 Loading class sun/awt/image/IntegerComponentRaster done
Event: 0.326 Loading class sun/awt/image/IntegerInterleavedRaster done
Event: 0.327 Loading class java/awt/image/BufferedImage
Event: 0.327 Loading class java/awt/image/WritableRenderedImage
Event: 0.327 Loading class java/awt/image/RenderedImage
Event: 0.327 Loading class java/awt/image/RenderedImage done
Event: 0.327 Loading class java/awt/image/WritableRenderedImage done
Event: 0.327 Loading class java/awt/image/BufferedImage done
Event: 0.327 Loading class java/awt/image/BufferedImage$1
Event: 0.328 Loading class java/awt/image/BufferedImage$1 done

Classes unloaded (0 events):
No events

Classes redefined (0 events):
No events

Internal exceptions (11 events):
Event: 0.135 Thread 0x0000015288d16d80 Exception <a 'java/lang/ClassNotFoundException'{0x00000007130ad938}: sun/awt/resources/spi/awtProvider> (0x00000007130ad938) 
thrown [s\src\hotspot\share\classfile\systemDictionary.cpp, line 255]
Event: 0.152 Thread 0x0000015288d16d80 Exception <a 'java/io/FileNotFoundException'{0x0000000713108918}> (0x0000000713108918) 
thrown [s\src\hotspot\share\prims\jni.cpp, line 517]
Event: 0.158 Thread 0x0000015288d16d80 Exception <a 'java/io/FileNotFoundException'{0x0000000713134e60}> (0x0000000713134e60) 
thrown [s\src\hotspot\share\prims\jni.cpp, line 517]
Event: 0.193 Thread 0x0000015288d16d80 Exception <a 'java/lang/NoSuchMethodError'{0x0000000713185e38}: 'java.lang.Object java.lang.invoke.DirectMethodHandle$Holder.invokeStaticInit(java.lang.Object)'> (0x0000000713185e38) 
thrown [s\src\hotspot\share\interpreter\linkResolver.cpp, line 774]
Event: 0.221 Thread 0x0000015288d16d80 Exception <a 'java/lang/NoSuchMethodError'{0x0000000712e89458}: 'void java.lang.invoke.DirectMethodHandle$Holder.invokeSpecial(java.lang.Object, java.lang.Object, java.lang.Object)'> (0x0000000712e89458) 
thrown [s\src\hotspot\share\interpreter\linkResolver.cpp, line 774]
Event: 0.228 Thread 0x0000015288d16d80 Exception <a 'java/lang/NoSuchMethodError'{0x0000000712eb4028}: 'java.lang.Object java.lang.invoke.DirectMethodHandle$Holder.newInvokeSpecial(java.lang.Object, java.lang.Object, java.lang.Object, java.lang.Object, java.lang.Object)'> (0x0000000712eb4028) 
thrown [s\src\hotspot\share\interpreter\linkResolver.cpp, line 774]
Event: 0.232 Thread 0x0000015288d16d80 Exception <a 'java/lang/NoSuchMethodError'{0x0000000712ee5968}: 'java.lang.Object java.lang.invoke.DirectMethodHandle$Holder.invokeStatic(java.lang.Object, int, java.lang.Object)'> (0x0000000712ee5968) 
thrown [s\src\hotspot\share\interpreter\linkResolver.cpp, line 774]
Event: 0.251 Thread 0x0000015288d16d80 Exception <a 'java/lang/ClassNotFoundException'{0x0000000712fa1310}: com/sun/swing/internal/plaf/metal/resources/spi/metalProvider> (0x0000000712fa1310) 
thrown [s\src\hotspot\share\classfile\systemDictionary.cpp, line 255]
Event: 0.252 Thread 0x0000015288d16d80 Exception <a 'java/lang/ClassNotFoundException'{0x0000000712fa5348}: com/sun/swing/internal/plaf/basic/resources/spi/basicProvider> (0x0000000712fa5348) 
thrown [s\src\hotspot\share\classfile\systemDictionary.cpp, line 255]
Event: 0.259 Thread 0x0000015288d16d80 Exception <a 'java/lang/NoSuchMethodError'{0x0000000712fc5a38}: 'int java.lang.invoke.Invokers$Holder.invokeExact_MT(java.lang.Object, java.lang.Object)'> (0x0000000712fc5a38) 
thrown [s\src\hotspot\share\interpreter\linkResolver.cpp, line 774]
Event: 0.323 Thread 0x00000152ac19b4c0 Exception <a 'java/lang/NoSuchMethodError'{0x0000000712dc2310}: 'java.lang.Object java.lang.invoke.DirectMethodHandle$Holder.newInvokeSpecial(java.lang.Object, java.lang.Object, java.lang.Object, int, int, int, int, int)'> (0x0000000712dc2310) 
thrown [s\src\hotspot\share\interpreter\linkResolver.cpp, line 774]

VM Operations (6 events):
Event: 0.165 Executing VM operation: HandshakeAllThreads
Event: 0.165 Executing VM operation: HandshakeAllThreads done
Event: 0.251 Executing VM operation: HandshakeAllThreads
Event: 0.251 Executing VM operation: HandshakeAllThreads done
Event: 0.307 Executing VM operation: HandshakeAllThreads
Event: 0.307 Executing VM operation: HandshakeAllThreads done

Events (16 events):
Event: 0.029 Thread 0x0000015288d16d80 Thread added: 0x0000015288d16d80
Event: 0.050 Thread 0x00000152abc74430 Thread added: 0x00000152abc74430
Event: 0.051 Thread 0x00000152abc75120 Thread added: 0x00000152abc75120
Event: 0.051 Thread 0x00000152abc80490 Thread added: 0x00000152abc80490
Event: 0.051 Thread 0x00000152abc5a5c0 Thread added: 0x00000152abc5a5c0
Event: 0.052 Thread 0x00000152abc5b690 Thread added: 0x00000152abc5b690
Event: 0.052 Thread 0x00000152abc5eb90 Thread added: 0x00000152abc5eb90
Event: 0.052 Thread 0x00000152abc7c910 Thread added: 0x00000152abc7c910
Event: 0.052 Thread 0x00000152abc7de30 Thread added: 0x00000152abc7de30
Event: 0.052 Thread 0x00000152abc7e7a0 Thread added: 0x00000152abc7e7a0
Event: 0.078 Thread 0x00000152abe047a0 Thread added: 0x00000152abe047a0
Event: 0.083 Thread 0x00000152abe1b840 Thread added: 0x00000152abe1b840
Event: 0.194 Thread 0x00000152abf8e2c0 Thread added: 0x00000152abf8e2c0
Event: 0.194 Thread 0x00000152abf8e800 Thread added: 0x00000152abf8e800
Event: 0.195 Thread 0x00000152abf90160 Thread added: 0x00000152abf90160
Event: 0.263 Thread 0x00000152ac19b4c0 Thread added: 0x00000152ac19b4c0


Dynamic libraries:
0x00007ff68d210000 - 0x00007ff68d21e000 	C:\Users\anish\.p2\pool\plugins\org.eclipse.justj.openjdk.hotspot.jre.full.win32.x86_64_19.0.2.v20230129-1123\jre\bin\javaw.exe
0x00007ffd91650000 - 0x00007ffd91864000 	C:\WINDOWS\SYSTEM32\ntdll.dll
0x00007ffd910a0000 - 0x00007ffd91164000 	C:\WINDOWS\System32\KERNEL32.DLL
0x00007ffd8eba0000 - 0x00007ffd8ef44000 	C:\WINDOWS\System32\KERNELBASE.dll
0x00007ffd8ef50000 - 0x00007ffd8f061000 	C:\WINDOWS\System32\ucrtbase.dll
0x00007ffd82af0000 - 0x00007ffd82b09000 	C:\Users\anish\.p2\pool\plugins\org.eclipse.justj.openjdk.hotspot.jre.full.win32.x86_64_19.0.2.v20230129-1123\jre\bin\VCRUNTIME140.dll
0x00007ffd85650000 - 0x00007ffd85667000 	C:\Users\anish\.p2\pool\plugins\org.eclipse.justj.openjdk.hotspot.jre.full.win32.x86_64_19.0.2.v20230129-1123\jre\bin\jli.dll
0x00007ffd8f610000 - 0x00007ffd8f7be000 	C:\WINDOWS\System32\USER32.dll
0x00007ffd8eb70000 - 0x00007ffd8eb96000 	C:\WINDOWS\System32\win32u.dll
0x00007ffd70ab0000 - 0x00007ffd70d43000 	C:\WINDOWS\WinSxS\amd64_microsoft.windows.common-controls_6595b64144ccf1df_6.0.22621.2215_none_270d72677387dfc3\COMCTL32.dll
0x00007ffd8f950000 - 0x00007ffd8f979000 	C:\WINDOWS\System32\GDI32.dll
0x00007ffd90a90000 - 0x00007ffd90b37000 	C:\WINDOWS\System32\msvcrt.dll
0x00007ffd8f240000 - 0x00007ffd8f358000 	C:\WINDOWS\System32\gdi32full.dll
0x00007ffd8f070000 - 0x00007ffd8f10a000 	C:\WINDOWS\System32\msvcp_win.dll
0x00007ffd8f7c0000 - 0x00007ffd8f7f1000 	C:\WINDOWS\System32\IMM32.DLL
0x00007ffd89820000 - 0x00007ffd8982c000 	C:\Users\anish\.p2\pool\plugins\org.eclipse.justj.openjdk.hotspot.jre.full.win32.x86_64_19.0.2.v20230129-1123\jre\bin\vcruntime140_1.dll
0x00007ffd6fea0000 - 0x00007ffd6ff31000 	C:\Users\anish\.p2\pool\plugins\org.eclipse.justj.openjdk.hotspot.jre.full.win32.x86_64_19.0.2.v20230129-1123\jre\bin\msvcp140.dll
0x00007ffcd5010000 - 0x00007ffcd5d01000 	C:\Users\anish\.p2\pool\plugins\org.eclipse.justj.openjdk.hotspot.jre.full.win32.x86_64_19.0.2.v20230129-1123\jre\bin\server\jvm.dll
0x00007ffd90f40000 - 0x00007ffd90ff0000 	C:\WINDOWS\System32\ADVAPI32.dll
0x00007ffd90ff0000 - 0x00007ffd91096000 	C:\WINDOWS\System32\sechost.dll
0x00007ffd90cd0000 - 0x00007ffd90de7000 	C:\WINDOWS\System32\RPCRT4.dll
0x00007ffd847b0000 - 0x00007ffd847ba000 	C:\WINDOWS\SYSTEM32\VERSION.dll
0x00007ffd855e0000 - 0x00007ffd85614000 	C:\WINDOWS\SYSTEM32\WINMM.dll
0x00007ffd898e0000 - 0x00007ffd898e9000 	C:\WINDOWS\SYSTEM32\WSOCK32.dll
0x00007ffd90b40000 - 0x00007ffd90bb1000 	C:\WINDOWS\System32\WS2_32.dll
0x00007ffd8db40000 - 0x00007ffd8db58000 	C:\WINDOWS\SYSTEM32\kernel.appcore.dll
0x00007ffd898d0000 - 0x00007ffd898da000 	C:\Users\anish\.p2\pool\plugins\org.eclipse.justj.openjdk.hotspot.jre.full.win32.x86_64_19.0.2.v20230129-1123\jre\bin\jimage.dll
0x00007ffd8c200000 - 0x00007ffd8c42e000 	C:\WINDOWS\SYSTEM32\DBGHELP.DLL
0x00007ffd91170000 - 0x00007ffd914fa000 	C:\WINDOWS\System32\combase.dll
0x00007ffd90be0000 - 0x00007ffd90cb7000 	C:\WINDOWS\System32\OLEAUT32.dll
0x00007ffd6cae0000 - 0x00007ffd6cb12000 	C:\WINDOWS\SYSTEM32\dbgcore.DLL
0x00007ffd8f360000 - 0x00007ffd8f3da000 	C:\WINDOWS\System32\bcryptPrimitives.dll
0x00007ffd898a0000 - 0x00007ffd898c6000 	C:\Users\anish\.p2\pool\plugins\org.eclipse.justj.openjdk.hotspot.jre.full.win32.x86_64_19.0.2.v20230129-1123\jre\bin\java.dll
0x00007ffd88d50000 - 0x00007ffd88d68000 	C:\Users\anish\.p2\pool\plugins\org.eclipse.justj.openjdk.hotspot.jre.full.win32.x86_64_19.0.2.v20230129-1123\jre\bin\zip.dll
0x00007ffd901e0000 - 0x00007ffd90a03000 	C:\WINDOWS\System32\SHELL32.dll
0x00007ffd8c990000 - 0x00007ffd8d27a000 	C:\WINDOWS\SYSTEM32\windows.storage.dll
0x00007ffd8c850000 - 0x00007ffd8c98e000 	C:\WINDOWS\SYSTEM32\wintypes.dll
0x00007ffd90df0000 - 0x00007ffd90ee3000 	C:\WINDOWS\System32\SHCORE.dll
0x00007ffd8f3f0000 - 0x00007ffd8f44e000 	C:\WINDOWS\System32\shlwapi.dll
0x00007ffd8e930000 - 0x00007ffd8e956000 	C:\WINDOWS\SYSTEM32\profapi.dll
0x00007ffd6f130000 - 0x00007ffd6f143000 	C:\Users\anish\.p2\pool\plugins\org.eclipse.justj.openjdk.hotspot.jre.full.win32.x86_64_19.0.2.v20230129-1123\jre\bin\net.dll
0x00007ffd87fa0000 - 0x00007ffd880d7000 	C:\WINDOWS\SYSTEM32\WINHTTP.dll
0x00007ffd8dfc0000 - 0x00007ffd8e029000 	C:\WINDOWS\system32\mswsock.dll
0x00007ffd6e420000 - 0x00007ffd6e436000 	C:\Users\anish\.p2\pool\plugins\org.eclipse.justj.openjdk.hotspot.jre.full.win32.x86_64_19.0.2.v20230129-1123\jre\bin\nio.dll
0x00007ffd46e60000 - 0x00007ffd46fee000 	C:\Users\anish\.p2\pool\plugins\org.eclipse.justj.openjdk.hotspot.jre.full.win32.x86_64_19.0.2.v20230129-1123\jre\bin\awt.dll
0x00007ffd8b890000 - 0x00007ffd8b927000 	C:\WINDOWS\SYSTEM32\apphelp.dll
0x00007ffd8be90000 - 0x00007ffd8bebb000 	C:\WINDOWS\system32\DWMAPI.DLL
0x00007ffd8ba50000 - 0x00007ffd8bafb000 	C:\WINDOWS\system32\uxtheme.dll
0x00007ffd53360000 - 0x00007ffd53460000 	C:\WINDOWS\system32\opengl32.dll
0x00007ffd53330000 - 0x00007ffd5335d000 	C:\WINDOWS\SYSTEM32\GLU32.dll
0x00007ffd8bb70000 - 0x00007ffd8bba8000 	C:\WINDOWS\SYSTEM32\dxcore.dll
0x00007ffd8f800000 - 0x00007ffd8f949000 	C:\WINDOWS\System32\MSCTF.dll
0x00007ffd8f470000 - 0x00007ffd8f60e000 	C:\WINDOWS\System32\ole32.dll

dbghelp: loaded successfully - version: 4.0.5 - missing functions: none
symbol engine: initialized successfully - sym options: 0x614 - pdb path: .;C:\Users\anish\.p2\pool\plugins\org.eclipse.justj.openjdk.hotspot.jre.full.win32.x86_64_19.0.2.v20230129-1123\jre\bin;C:\WINDOWS\SYSTEM32;C:\WINDOWS\WinSxS\amd64_microsoft.windows.common-controls_6595b64144ccf1df_6.0.22621.2215_none_270d72677387dfc3;C:\Users\anish\.p2\pool\plugins\org.eclipse.justj.openjdk.hotspot.jre.full.win32.x86_64_19.0.2.v20230129-1123\jre\bin\server

VM Arguments:
jvm_args: -Dfile.encoding=UTF-8 -XX:+ShowCodeDetailsInExceptionMessages 
java_command: Bank_Management_System.Withdrawal
java_class_path (initial): D:\Java Projects\bin;D:\Java Projects\src\lib\jcalendar-tz-1.3.3-4.jar;D:\Java Projects\src\lib\mysql-connector-java-8.0.28.jar
Launcher Type: SUN_STANDARD

[Global flags]
     intx CICompilerCount                          = 4                                         {product} {ergonomic}
     uint ConcGCThreads                            = 2                                         {product} {ergonomic}
     uint G1ConcRefinementThreads                  = 8                                         {product} {ergonomic}
   size_t G1HeapRegionSize                         = 2097152                                   {product} {ergonomic}
    uintx GCDrainStackTargetSize                   = 64                                        {product} {ergonomic}
   size_t InitialHeapSize                          = 266338304                                 {product} {ergonomic}
   size_t MarkStackSize                            = 4194304                                   {product} {ergonomic}
   size_t MaxHeapSize                              = 4238344192                                {product} {ergonomic}
   size_t MaxNewSize                               = 2541748224                                {product} {ergonomic}
   size_t MinHeapDeltaBytes                        = 2097152                                   {product} {ergonomic}
   size_t MinHeapSize                              = 8388608                                   {product} {ergonomic}
    uintx NonNMethodCodeHeapSize                   = 5839372                                {pd product} {ergonomic}
    uintx NonProfiledCodeHeapSize                  = 122909434                              {pd product} {ergonomic}
    uintx ProfiledCodeHeapSize                     = 122909434                              {pd product} {ergonomic}
    uintx ReservedCodeCacheSize                    = 251658240                              {pd product} {ergonomic}
     bool SegmentedCodeCache                       = true                                      {product} {ergonomic}
     bool ShowCodeDetailsInExceptionMessages       = true                                   {manageable} {command line}
   size_t SoftMaxHeapSize                          = 4238344192                             {manageable} {ergonomic}
     bool UseCompressedClassPointers               = true                           {product lp64_product} {ergonomic}
     bool UseCompressedOops                        = true                           {product lp64_product} {ergonomic}
     bool UseG1GC                                  = true                                      {product} {ergonomic}
     bool UseLargePagesIndividualAllocation        = false                                  {pd product} {ergonomic}

Logging:
Log output configuration:
 #0: stdout all=warning uptime,level,tags foldmultilines=false
 #1: stderr all=off uptime,level,tags foldmultilines=false

Environment Variables:
PATH=C:/Users/anish/.p2/pool/plugins/org.eclipse.justj.openjdk.hotspot.jre.full.win32.x86_64_19.0.2.v20230129-1123/jre/bin/server;C:/Users/anish/.p2/pool/plugins/org.eclipse.justj.openjdk.hotspot.jre.full.win32.x86_64_19.0.2.v20230129-1123/jre/bin;C:\WINDOWS\system32;C:\WINDOWS;C:\WINDOWS\System32\Wbem;C:\WINDOWS\System32\WindowsPowerShell\v1.0\;C:\WINDOWS\System32\OpenSSH\;C:\Program Files\Cloudflare\Cloudflare WARP\;C:\Program Files\MySQL\MySQL Shell 8.0\bin\;C:\Users\anish\AppData\Local\Microsoft\WindowsApps;C:\Users\anish\AppData\Local\atom\bin;C:\Users\anish\AppData\Local\Programs\Microsoft VS Code\bin;C:\Users\anish\AppData\Local\Microsoft\WindowsApps;;C:\Users\anish\OneDrive\Desktop;
USERNAME=anish
OS=Windows_NT
PROCESSOR_IDENTIFIER=Intel64 Family 6 Model 140 Stepping 1, GenuineIntel
TMP=C:\Users\anish\AppData\Local\Temp
TEMP=C:\Users\anish\AppData\Local\Temp



---------------  S Y S T E M  ---------------

OS:
 Windows 11 , 64 bit Build 22621 (10.0.22621.2215)
OS uptime: 2 days 23:26 hours

CPU: total 8 (initial active 8) (4 cores per cpu, 2 threads per core) family 6 model 140 stepping 1 microcode 0xa4, cx8, cmov, fxsr, ht, mmx, 3dnowpref, sse, sse2, sse3, ssse3, sse4.1, sse4.2, popcnt, lzcnt, tsc, tscinvbit, avx, avx2, aes, erms, clmul, bmi1, bmi2, adx, avx512f, avx512dq, avx512cd, avx512bw, avx512vl, sha, fma, vzeroupper, avx512_vpopcntdq, avx512_vpclmulqdq, avx512_vaes, avx512_vnni, clflush, clflushopt, clwb, avx512_vbmi2, avx512_vbmi, rdtscp, rdpid, fsrm, gfni, avx512_bitalg

Memory: 4k page, system-wide physical 16167M (3157M free)
TotalPageFile size 46591M (AvailPageFile size 4M)
current process WorkingSet (physical memory assigned to process): 60M, peak: 60M
current process commit charge ("private bytes"): 349M, peak: 349M

vm_info: OpenJDK 64-Bit Server VM (19.0.2+7) for windows-amd64 JRE (19.0.2+7), built on 2023-01-17T00:00:00Z by "temurin" with MS VC++ 16.7 (VS2019)

END.
